<?xml version="1.0" encoding="UTF-8"?>
<!-- Generated by org.testng.reporters.JUnitReportReporter -->
<testsuite hostname="DESKTOP-V1MADG4" failures="0" tests="2" name="com.bat.STest.Test.LoginTest" time="14.165" errors="0" timestamp="2021-08-09T10:39:46 BDT" skipped="0">
  <testcase classname="com.bat.STest.Test.LoginTest" name="loginTestTitleVerify" time="7.845"/>
  <system-out/>
  <testcase classname="com.bat.STest.Test.LoginTest" name="logintest" time="6.320"/>
  <system-out/>
</testsuite> <!-- com.bat.STest.Test.LoginTest -->
