<?xml version="1.0" encoding="UTF-8"?>
<!-- Generated by org.testng.reporters.JUnitReportReporter -->
<testsuite hostname="DESKTOP-V1MADG4" failures="0" tests="2" name="com.bat.STest.Test.AssignleavTest" time="1.729" errors="0" timestamp="2021-08-08T15:25:21 BDT" skipped="0">
  <testcase classname="com.bat.STest.Test.AssignleavTest" name="assignleaveButtonAndPageUrlVeryfi" time="1.650"/>
  <system-out/>
  <testcase classname="com.bat.STest.Test.AssignleavTest" name="assignleaveTest" time="0.079"/>
  <system-out/>
</testsuite> <!-- com.bat.STest.Test.AssignleavTest -->
