<?xml version="1.0" encoding="UTF-8"?>
<!-- Generated by org.testng.reporters.JUnitReportReporter -->
<testsuite hostname="DESKTOP-V1MADG4" failures="0" tests="2" name="com.bat.STest.Test.LoginTest" time="10.535" errors="0" timestamp="2021-08-08T18:14:50 BDT" skipped="0">
  <testcase classname="com.bat.STest.Test.LoginTest" name="loginTestTitleVerify" time="5.336"/>
  <system-out/>
  <testcase classname="com.bat.STest.Test.LoginTest" name="logintest" time="5.199"/>
  <system-out/>
</testsuite> <!-- com.bat.STest.Test.LoginTest -->
