<?xml version="1.0" encoding="UTF-8"?>
<!-- Generated by org.testng.reporters.JUnitReportReporter -->
<testsuite hostname="DESKTOP-V1MADG4" failures="0" tests="2" name="com.bat.STest.Test.AssignleavTest" time="2.164" errors="0" timestamp="2021-08-05T10:58:59 BDT" skipped="0">
  <testcase classname="com.bat.STest.Test.AssignleavTest" name="assignleaveTest" time="0.002"/>
  <system-out/>
  <testcase classname="com.bat.STest.Test.AssignleavTest" name="assignleaveButtonAndPageUrlVeryfi" time="2.162"/>
  <system-out/>
</testsuite> <!-- com.bat.STest.Test.AssignleavTest -->
