<?xml version="1.0" encoding="UTF-8"?>
<!-- Generated by org.testng.reporters.JUnitReportReporter -->
<testsuite hostname="DESKTOP-V1MADG4" failures="0" tests="2" name="com.bat.STest.Test.AssignleavTest" time="3.881" errors="0" timestamp="2021-08-09T18:05:22 BDT" skipped="0">
  <testcase classname="com.bat.STest.Test.AssignleavTest" name="assignleaveButtonAndPageUrlVeryfi" time="2.383"/>
  <system-out/>
  <testcase classname="com.bat.STest.Test.AssignleavTest" name="assignleaveTest" time="1.498"/>
  <system-out/>
</testsuite> <!-- com.bat.STest.Test.AssignleavTest -->
